This file contains any messages produced by compilers while
running configure, to aid debugging if configure makes a mistake.

It was created by configure, which was
generated by GNU Autoconf 2.61.  Invocation command line was

  $ ./configure 

## --------- ##
## Platform. ##
## --------- ##

hostname = got05.ircm.priv
uname -m = i386
uname -r = 10.2.0
uname -s = Darwin
uname -v = Darwin Kernel Version 10.2.0: Tue Nov  3 10:37:10 PST 2009; root:xnu-1486.2.11~1/RELEASE_I386

/usr/bin/uname -p = i386
/bin/uname -X     = unknown

/bin/arch              = unknown
/usr/bin/arch -k       = unknown
/usr/convex/getsysinfo = unknown
/usr/bin/hostinfo      = Mach kernel version:
	 Darwin Kernel Version 10.2.0: Tue Nov  3 10:37:10 PST 2009; root:xnu-1486.2.11~1/RELEASE_I386
Kernel configured for up to 8 processors.
8 processors are physically available.
8 processors are logically available.
Processor type: i486 (Intel 80486)
Processors active: 0 1 2 3 4 5 6 7
Primary memory available: 16.00 gigabytes
Default processor set: 150 tasks, 462 threads, 8 processors
Load average: 0.75, Mach factor: 7.24
/bin/machine           = unknown
/usr/bin/oslevel       = unknown
/bin/universe          = unknown

PATH: /opt/local/bin
PATH: /opt/local/sbin
PATH: /usr/bin
PATH: /bin
PATH: /usr/sbin
PATH: /sbin
PATH: /usr/local/bin
PATH: /usr/texbin
PATH: /usr/X11/bin


## ----------- ##
## Core tests. ##
## ----------- ##

configure:1722: checking for gcc
configure:1749: result: gcc -arch x86_64 -std=gnu99
configure:1987: checking for C compiler version
configure:1994: gcc -arch x86_64 -std=gnu99 --version >&5
i686-apple-darwin10-gcc-4.2.1 (GCC) 4.2.1 (Apple Inc. build 5646)
Copyright (C) 2007 Free Software Foundation, Inc.
This is free software; see the source for copying conditions.  There is NO
warranty; not even for MERCHANTABILITY or FITNESS FOR A PARTICULAR PURPOSE.

configure:1997: $? = 0
configure:2004: gcc -arch x86_64 -std=gnu99 -v >&5
Using built-in specs.
Target: i686-apple-darwin10
Configured with: /var/tmp/gcc/gcc-5646~6/src/configure --disable-checking --enable-werror --prefix=/usr --mandir=/share/man --enable-languages=c,objc,c++,obj-c++ --program-transform-name=/^[cg][^.-]*$/s/$/-4.2/ --with-slibdir=/usr/lib --build=i686-apple-darwin10 --with-gxx-include-dir=/include/c++/4.2.1 --program-prefix=i686-apple-darwin10- --host=x86_64-apple-darwin10 --target=i686-apple-darwin10
Thread model: posix
gcc version 4.2.1 (Apple Inc. build 5646)
configure:2007: $? = 0
configure:2014: gcc -arch x86_64 -std=gnu99 -V >&5
gcc-4.2: argument to `-V' is missing
configure:2017: $? = 1
configure:2040: checking for C compiler default output file name
configure:2067: gcc -arch x86_64 -std=gnu99 -g -O2   conftest.c  >&5
configure:2070: $? = 0
configure:2108: result: a.out
configure:2125: checking whether the C compiler works
configure:2135: ./a.out
configure:2138: $? = 0
configure:2155: result: yes
configure:2162: checking whether we are cross compiling
configure:2164: result: no
configure:2167: checking for suffix of executables
configure:2174: gcc -arch x86_64 -std=gnu99 -o conftest -g -O2   conftest.c  >&5
configure:2177: $? = 0
configure:2201: result: 
configure:2207: checking for suffix of object files
configure:2233: gcc -arch x86_64 -std=gnu99 -c -g -O2  conftest.c >&5
configure:2236: $? = 0
configure:2259: result: o
configure:2263: checking whether we are using the GNU C compiler
configure:2292: gcc -arch x86_64 -std=gnu99 -c -g -O2  conftest.c >&5
configure:2298: $? = 0
configure:2315: result: yes
configure:2320: checking whether gcc -arch x86_64 -std=gnu99 accepts -g
configure:2350: gcc -arch x86_64 -std=gnu99 -c -g  conftest.c >&5
configure:2356: $? = 0
configure:2455: result: yes
configure:2472: checking for gcc -arch x86_64 -std=gnu99 option to accept ISO C89
configure:2546: gcc -arch x86_64 -std=gnu99  -c -g -O2  conftest.c >&5
configure:2552: $? = 0
configure:2575: result: none needed
configure:2630: checking for gsl-config
configure:2648: found /usr/local/bin/gsl-config
configure:2661: result: /usr/local/bin/gsl-config
configure:2670: checking for GSL - version >= 1.6
configure:2780: gcc -arch x86_64 -std=gnu99 -o conftest -g -O2 -I/usr/local/include   conftest.c  -L/usr/local/lib -lgsl -lgslcblas -lm >&5
configure:2783: $? = 0
configure:2789: ./conftest
configure:2792: $? = 0
configure:2812: result: yes
configure:3034: creating ./config.status

## ---------------------- ##
## Running config.status. ##
## ---------------------- ##

This file was extended by config.status, which was
generated by GNU Autoconf 2.61.  Invocation command line was

  CONFIG_FILES    = 
  CONFIG_HEADERS  = 
  CONFIG_LINKS    = 
  CONFIG_COMMANDS = 
  $ ./config.status 

on got05.ircm.priv

config.status:574: creating src/Makevars

## ---------------- ##
## Cache variables. ##
## ---------------- ##

ac_cv_c_compiler_gnu=yes
ac_cv_env_CC_set=
ac_cv_env_CC_value=
ac_cv_env_CFLAGS_set=
ac_cv_env_CFLAGS_value=
ac_cv_env_CPPFLAGS_set=
ac_cv_env_CPPFLAGS_value=
ac_cv_env_LDFLAGS_set=
ac_cv_env_LDFLAGS_value=
ac_cv_env_LIBS_set=
ac_cv_env_LIBS_value=
ac_cv_env_build_alias_set=
ac_cv_env_build_alias_value=
ac_cv_env_host_alias_set=
ac_cv_env_host_alias_value=
ac_cv_env_target_alias_set=
ac_cv_env_target_alias_value=
ac_cv_objext=o
ac_cv_path_GSL_CONFIG=/usr/local/bin/gsl-config
ac_cv_prog_ac_ct_CC='gcc -arch x86_64 -std=gnu99'
ac_cv_prog_cc_c89=
ac_cv_prog_cc_g=yes

## ----------------- ##
## Output variables. ##
## ----------------- ##

CC='gcc -arch x86_64 -std=gnu99'
CFLAGS='-g -O2'
CPPFLAGS=''
DEFS='-DPACKAGE_NAME=\"\" -DPACKAGE_TARNAME=\"\" -DPACKAGE_VERSION=\"\" -DPACKAGE_STRING=\"\" -DPACKAGE_BUGREPORT=\"\"'
ECHO_C='ECHO_N=''
ECHO_T=''
EXEEXT=''
GSL_CFLAGS='-I/usr/local/include'
GSL_CONFIG='/usr/local/bin/gsl-config'
GSL_LIBS='-L/usr/local/lib -lgsl -lgslcblas -lm'
LDFLAGS=''
LIBOBJS=''
LIBS=' -lgsl -lgslcblas -lm'
LTLIBOBJS=''
OBJEXT='o'
PACKAGE_BUGREPORT=''
PACKAGE_NAME=''
PACKAGE_STRING=''
PACKAGE_TARNAME=''
PACKAGE_VERSION=''
PATH_SEPARATOR=':'
SHELL='/bin/sh'
ac_ct_CC='gcc -arch x86_64 -std=gnu99'
bindir='${exec_prefix}/bin'
build_alias=''
datadir='${datarootdir}'
datarootdir='${prefix}/share'
docdir='${datarootdir}/doc/${PACKAGE}'
dvidir='${docdir}'
exec_prefix='${prefix}'
host_alias=''
htmldir='${docdir}'
includedir='${prefix}/include'
infodir='${datarootdir}/info'
libdir='${exec_prefix}/lib'
libexecdir='${exec_prefix}/libexec'
localedir='${datarootdir}/locale'
localstatedir='${prefix}/var'
mandir='${datarootdir}/man'
oldincludedir='/usr/include'
pdfdir='${docdir}'
prefix='/usr/local'
program_transform_name='s,x,x,'
psdir='${docdir}'
sbindir='${exec_prefix}/sbin'
sharedstatedir='${prefix}/com'
sysconfdir='${prefix}/etc'
target_alias=''

## ----------- ##
## confdefs.h. ##
## ----------- ##

#define PACKAGE_NAME ""
#define PACKAGE_TARNAME ""
#define PACKAGE_VERSION ""
#define PACKAGE_STRING ""
#define PACKAGE_BUGREPORT ""

configure: exit 0
